<?xml version="1.0" encoding="UTF-8"?>
<!-- Generated by org.testng.reporters.JUnitReportReporter -->
<testsuite hostname="Rahul" failures="0" tests="9" name="Tests.LoginPageTests" time="106.876" errors="0" timestamp="2024-03-23T14:36:37 IST" skipped="0">
  <testcase classname="Tests.LoginPageTests" name="invalidCredentials" time="19.581"/>
  <testcase classname="Tests.LoginPageTests" name="invalidCredentials" time="7.129"/>
  <testcase classname="Tests.LoginPageTests" name="invalidCredentials" time="17.535"/>
  <testcase classname="Tests.LoginPageTests" name="blankUsername" time="6.564"/>
  <testcase classname="Tests.LoginPageTests" name="blankUsername" time="15.478"/>
  <testcase classname="Tests.LoginPageTests" name="blankUsername" time="7.302"/>
  <testcase classname="Tests.LoginPageTests" name="successfulLogin" time="19.707"/>
  <testcase classname="Tests.LoginPageTests" name="successfulLogin" time="8.089"/>
  <testcase classname="Tests.LoginPageTests" name="successfulLogin" time="5.491"/>
</testsuite> <!-- Tests.LoginPageTests -->
