<?xml version="1.0" encoding="UTF-8"?>
<!-- Generated by org.testng.reporters.JUnitReportReporter -->
<testsuite hostname="Rahul" failures="0" tests="9" name="Tests.LoginPageTests" time="101.141" errors="0" timestamp="2024-03-06T20:17:40 IST" skipped="0">
  <testcase classname="Tests.LoginPageTests" name="invalidCredentials" time="22.624"/>
  <testcase classname="Tests.LoginPageTests" name="invalidCredentials" time="10.038"/>
  <testcase classname="Tests.LoginPageTests" name="invalidCredentials" time="11.167"/>
  <testcase classname="Tests.LoginPageTests" name="blankUsername" time="5.208"/>
  <testcase classname="Tests.LoginPageTests" name="blankUsername" time="4.857"/>
  <testcase classname="Tests.LoginPageTests" name="blankUsername" time="14.636"/>
  <testcase classname="Tests.LoginPageTests" name="successfulLogin" time="14.064"/>
  <testcase classname="Tests.LoginPageTests" name="successfulLogin" time="6.293"/>
  <testcase classname="Tests.LoginPageTests" name="successfulLogin" time="12.254"/>
</testsuite> <!-- Tests.LoginPageTests -->
